<?xml version="1.0" encoding="UTF-8"?>
<testsuite xmlns:xsi="http://www.w3.org/2001/XMLSchema-instance" xsi:noNamespaceSchemaLocation="https://maven.apache.org/surefire/maven-surefire-plugin/xsd/surefire-test-report-3.0.xsd" version="3.0" name="BurgerTests.GetPriceGetReceiptTests" time="0.699" tests="2" errors="0" skipped="0" failures="0">
  <properties>
[...]
</properties>
  <testcase name="getReceiptMethodReturnsRightCalculation" classname="BurgerTests.GetPriceGetReceiptTests" time="0.693">
    <system-out><![CDATA[Возвращается верная строка с чеком
]]></system-out>
  </testcase>
  <testcase name="getPriceMethodReturnsRightCalculation" classname="BurgerTests.GetPriceGetReceiptTests" time="0.002">
    <system-out><![CDATA[Возвращается правильный результат суммы заказа
]]></system-out>
  </testcase>
</testsuite>